<?xml version="1.0" encoding="UTF-8"?>
<testng-results skipped="0" failed="0" ignored="0" total="1" passed="1">
  <reporter-output>
  </reporter-output>
  <suite name="DriverFactory.AppTest" duration-ms="32769" started-at="2019-05-20T06:06:13Z" finished-at="2019-05-20T06:06:45Z">
    <groups>
    </groups>
    <test name="Command line test" duration-ms="32769" started-at="2019-05-20T06:06:13Z" finished-at="2019-05-20T06:06:45Z">
      <class name="DriverFactory.AppTest">
        <test-method status="PASS" signature="kickStart()[pri:0, instance:DriverFactory.AppTest@6fb554cc]" name="kickStart" duration-ms="32689" started-at="2019-05-20T06:06:13Z" finished-at="2019-05-20T06:06:45Z">
          <reporter-output>
          </reporter-output>
        </test-method> <!-- kickStart -->
      </class> <!-- DriverFactory.AppTest -->
    </test> <!-- Command line test -->
  </suite> <!-- DriverFactory.AppTest -->
</testng-results>
